0 info it worked if it ends with ok
1 verbose cli [ '/Users/lvn/.nvm/versions/node/v6.14.2/bin/node',
1 verbose cli   '/Users/lvn/.nvm/versions/node/v6.14.2/bin/npm',
1 verbose cli   'run',
1 verbose cli   'watch' ]
2 info using npm@3.10.10
3 info using node@v6.14.2
4 verbose run-script [ 'prewatch', 'watch', 'postwatch' ]
5 info lifecycle CodingPhase-StarterKit@1.0.0~prewatch: CodingPhase-StarterKit@1.0.0
6 silly lifecycle CodingPhase-StarterKit@1.0.0~prewatch: no script for prewatch, continuing
7 info lifecycle CodingPhase-StarterKit@1.0.0~watch: CodingPhase-StarterKit@1.0.0
8 verbose lifecycle CodingPhase-StarterKit@1.0.0~watch: unsafe-perm in lifecycle true
9 verbose lifecycle CodingPhase-StarterKit@1.0.0~watch: PATH: /Users/lvn/.nvm/versions/node/v6.14.2/lib/node_modules/npm/bin/node-gyp-bin:/Users/lvn/Downloads/MARS/projects/polymer/node_modules/.bin:/Users/lvn/.nvm/versions/node/v6.14.2/bin:/usr/local/smlnj/bin:/usr/local/bin:/usr/bin:/bin:/usr/sbin:/sbin:/Library/TeX/texbin
10 verbose lifecycle CodingPhase-StarterKit@1.0.0~watch: CWD: /Users/lvn/Downloads/MARS/projects/polymer
11 silly lifecycle CodingPhase-StarterKit@1.0.0~watch: Args: [ '-c', 'gulp' ]
12 silly lifecycle CodingPhase-StarterKit@1.0.0~watch: Returned: code: 1  signal: null
13 info lifecycle CodingPhase-StarterKit@1.0.0~watch: Failed to exec watch script
14 verbose stack Error: CodingPhase-StarterKit@1.0.0 watch: `gulp`
14 verbose stack Exit status 1
14 verbose stack     at EventEmitter.<anonymous> (/Users/lvn/.nvm/versions/node/v6.14.2/lib/node_modules/npm/lib/utils/lifecycle.js:255:16)
14 verbose stack     at emitTwo (events.js:106:13)
14 verbose stack     at EventEmitter.emit (events.js:191:7)
14 verbose stack     at ChildProcess.<anonymous> (/Users/lvn/.nvm/versions/node/v6.14.2/lib/node_modules/npm/lib/utils/spawn.js:40:14)
14 verbose stack     at emitTwo (events.js:106:13)
14 verbose stack     at ChildProcess.emit (events.js:191:7)
14 verbose stack     at maybeClose (internal/child_process.js:920:16)
14 verbose stack     at Process.ChildProcess._handle.onexit (internal/child_process.js:230:5)
15 verbose pkgid CodingPhase-StarterKit@1.0.0
16 verbose cwd /Users/lvn/Downloads/MARS/projects/polymer
17 error Darwin 18.7.0
18 error argv "/Users/lvn/.nvm/versions/node/v6.14.2/bin/node" "/Users/lvn/.nvm/versions/node/v6.14.2/bin/npm" "run" "watch"
19 error node v6.14.2
20 error npm  v3.10.10
21 error code ELIFECYCLE
22 error CodingPhase-StarterKit@1.0.0 watch: `gulp`
22 error Exit status 1
23 error Failed at the CodingPhase-StarterKit@1.0.0 watch script 'gulp'.
23 error Make sure you have the latest version of node.js and npm installed.
23 error If you do, this is most likely a problem with the CodingPhase-StarterKit package,
23 error not with npm itself.
23 error Tell the author that this fails on your system:
23 error     gulp
23 error You can get information on how to open an issue for this project with:
23 error     npm bugs CodingPhase-StarterKit
23 error Or if that isn't available, you can get their info via:
23 error     npm owner ls CodingPhase-StarterKit
23 error There is likely additional logging output above.
24 verbose exit [ 1, true ]
